<?xml version="1.0" encoding="UTF-8"?>
<coverage generated="1764656157725" clover="3.2.0">
  <project timestamp="1764656157725" name="All files">
    <metrics statements="336" coveredstatements="246" conditionals="161" coveredconditionals="80" methods="93" coveredmethods="54" elements="590" coveredelements="380" complexity="0" loc="336" ncloc="336" packages="4" files="7" classes="7"/>
    <package name="components">
      <metrics statements="170" coveredstatements="81" conditionals="114" coveredconditionals="37" methods="53" coveredmethods="14"/>
      <file name="ShoppingCart.tsx" path="C:\Users\v-tianji\Desktop\ghcpd\Claude-haiku-4.5\src\components\ShoppingCart.tsx">
        <metrics statements="66" coveredstatements="26" conditionals="26" coveredconditionals="5" methods="28" coveredmethods="7"/>
        <line num="1" count="1" type="stmt"/>
        <line num="3" count="1" type="stmt"/>
        <line num="12" count="1" type="stmt"/>
        <line num="18" count="26" type="stmt"/>
        <line num="19" count="26" type="stmt"/>
        <line num="20" count="26" type="stmt"/>
        <line num="21" count="26" type="stmt"/>
        <line num="23" count="26" type="cond" truecount="0" falsecount="1"/>
        <line num="24" count="0" type="stmt"/>
        <line num="25" count="0" type="stmt"/>
        <line num="27" count="0" type="cond" truecount="0" falsecount="1"/>
        <line num="28" count="0" type="stmt"/>
        <line num="29" count="0" type="cond" truecount="0" falsecount="2"/>
        <line num="35" count="0" type="stmt"/>
        <line num="44" count="26" type="stmt"/>
        <line num="45" count="0" type="stmt"/>
        <line num="48" count="26" type="stmt"/>
        <line num="49" count="0" type="cond" truecount="0" falsecount="1"/>
        <line num="50" count="0" type="stmt"/>
        <line num="51" count="0" type="stmt"/>
        <line num="54" count="0" type="stmt"/>
        <line num="55" count="0" type="stmt"/>
        <line num="56" count="0" type="cond" truecount="0" falsecount="2"/>
        <line num="61" count="26" type="stmt"/>
        <line num="62" count="0" type="stmt"/>
        <line num="63" count="0" type="stmt"/>
        <line num="64" count="0" type="stmt"/>
        <line num="67" count="26" type="stmt"/>
        <line num="68" count="0" type="cond" truecount="0" falsecount="1"/>
        <line num="70" count="0" type="stmt"/>
        <line num="72" count="0" type="cond" truecount="0" falsecount="2"/>
        <line num="73" count="0" type="stmt"/>
        <line num="75" count="0" type="stmt"/>
        <line num="76" count="0" type="stmt"/>
        <line num="80" count="26" type="stmt"/>
        <line num="81" count="26" type="stmt"/>
        <line num="84" count="26" type="stmt"/>
        <line num="85" count="26" type="cond" truecount="1" falsecount="0"/>
        <line num="87" count="0" type="cond" truecount="0" falsecount="1"/>
        <line num="88" count="0" type="stmt"/>
        <line num="90" count="0" type="stmt"/>
        <line num="93" count="26" type="stmt"/>
        <line num="94" count="26" type="stmt"/>
        <line num="97" count="26" type="stmt"/>
        <line num="98" count="26" type="stmt"/>
        <line num="101" count="26" type="stmt"/>
        <line num="102" count="26" type="stmt"/>
        <line num="105" count="26" type="stmt"/>
        <line num="106" count="0" type="cond" truecount="0" falsecount="1"/>
        <line num="107" count="0" type="stmt"/>
        <line num="108" count="0" type="stmt"/>
        <line num="111" count="0" type="cond" truecount="0" falsecount="1"/>
        <line num="112" count="0" type="stmt"/>
        <line num="113" count="0" type="stmt"/>
        <line num="116" count="0" type="stmt"/>
        <line num="117" count="0" type="stmt"/>
        <line num="120" count="26" type="stmt"/>
        <line num="121" count="26" type="stmt"/>
        <line num="124" count="26" type="stmt"/>
        <line num="136" count="0" type="stmt"/>
        <line num="144" count="0" type="stmt"/>
        <line num="151" count="0" type="stmt"/>
        <line num="157" count="0" type="stmt"/>
        <line num="177" count="0" type="stmt"/>
        <line num="188" count="0" type="stmt"/>
        <line num="189" count="0" type="stmt"/>
      </file>
      <file name="UserProfile.tsx" path="C:\Users\v-tianji\Desktop\ghcpd\Claude-haiku-4.5\src\components\UserProfile.tsx">
        <metrics statements="104" coveredstatements="55" conditionals="88" coveredconditionals="32" methods="25" coveredmethods="7"/>
        <line num="1" count="1" type="stmt"/>
        <line num="2" count="1" type="stmt"/>
        <line num="3" count="1" type="stmt"/>
        <line num="4" count="1" type="stmt"/>
        <line num="26" count="1" type="stmt"/>
        <line num="32" count="35" type="stmt"/>
        <line num="33" count="35" type="stmt"/>
        <line num="34" count="35" type="stmt"/>
        <line num="35" count="35" type="stmt"/>
        <line num="36" count="35" type="stmt"/>
        <line num="37" count="35" type="stmt"/>
        <line num="39" count="35" type="cond" truecount="2" falsecount="0"/>
        <line num="41" count="35" type="stmt"/>
        <line num="42" count="12" type="stmt"/>
        <line num="45" count="35" type="stmt"/>
        <line num="46" count="20" type="cond" truecount="2" falsecount="1"/>
        <line num="47" count="0" type="stmt"/>
        <line num="51" count="35" type="stmt"/>
        <line num="52" count="12" type="stmt"/>
        <line num="53" count="12" type="stmt"/>
        <line num="54" count="12" type="stmt"/>
        <line num="55" count="12" type="stmt"/>
        <line num="56" count="10" type="stmt"/>
        <line num="57" count="10" type="stmt"/>
        <line num="59" count="1" type="cond" truecount="1" falsecount="1"/>
        <line num="61" count="11" type="stmt"/>
        <line num="65" count="35" type="stmt"/>
        <line num="66" count="0" type="cond" truecount="0" falsecount="2"/>
        <line num="67" count="0" type="stmt"/>
        <line num="69" count="0" type="stmt"/>
        <line num="70" count="0" type="stmt"/>
        <line num="71" count="0" type="stmt"/>
        <line num="76" count="35" type="stmt"/>
        <line num="77" count="0" type="stmt"/>
        <line num="79" count="0" type="cond" truecount="0" falsecount="3"/>
        <line num="80" count="0" type="stmt"/>
        <line num="83" count="0" type="cond" truecount="0" falsecount="3"/>
        <line num="84" count="0" type="stmt"/>
        <line num="87" count="0" type="cond" truecount="0" falsecount="3"/>
        <line num="88" count="0" type="stmt"/>
        <line num="91" count="0" type="stmt"/>
        <line num="92" count="0" type="stmt"/>
        <line num="95" count="35" type="stmt"/>
        <line num="96" count="0" type="stmt"/>
        <line num="99" count="35" type="stmt"/>
        <line num="100" count="0" type="cond" truecount="0" falsecount="3"/>
        <line num="101" count="0" type="stmt"/>
        <line num="103" count="0" type="stmt"/>
        <line num="106" count="35" type="stmt"/>
        <line num="107" count="0" type="cond" truecount="0" falsecount="1"/>
        <line num="109" count="0" type="cond" truecount="0" falsecount="2"/>
        <line num="110" count="0" type="stmt"/>
        <line num="113" count="35" type="stmt"/>
        <line num="114" count="0" type="stmt"/>
        <line num="116" count="0" type="cond" truecount="0" falsecount="1"/>
        <line num="117" count="0" type="stmt"/>
        <line num="120" count="0" type="stmt"/>
        <line num="121" count="0" type="stmt"/>
        <line num="123" count="0" type="stmt"/>
        <line num="124" count="0" type="stmt"/>
        <line num="125" count="0" type="stmt"/>
        <line num="126" count="0" type="stmt"/>
        <line num="127" count="0" type="stmt"/>
        <line num="129" count="0" type="cond" truecount="0" falsecount="2"/>
        <line num="131" count="0" type="stmt"/>
        <line num="135" count="35" type="stmt"/>
        <line num="136" count="0" type="cond" truecount="0" falsecount="2"/>
        <line num="137" count="0" type="stmt"/>
        <line num="138" count="0" type="stmt"/>
        <line num="141" count="35" type="stmt"/>
        <line num="142" count="12" type="cond" truecount="1" falsecount="3"/>
        <line num="144" count="0" type="stmt"/>
        <line num="146" count="12" type="stmt"/>
        <line num="148" count="0" type="stmt"/>
        <line num="150" count="0" type="stmt"/>
        <line num="154" count="35" type="stmt"/>
        <line num="155" count="12" type="cond" truecount="1" falsecount="3"/>
        <line num="157" count="12" type="stmt"/>
        <line num="159" count="0" type="stmt"/>
        <line num="161" count="0" type="stmt"/>
        <line num="163" count="0" type="stmt"/>
        <line num="167" count="35" type="stmt"/>
        <line num="168" count="12" type="cond" truecount="1" falsecount="0"/>
        <line num="169" count="11" type="stmt"/>
        <line num="170" count="11" type="stmt"/>
        <line num="171" count="11" type="stmt"/>
        <line num="172" count="11" type="stmt"/>
        <line num="174" count="11" type="cond" truecount="1" falsecount="0"/>
        <line num="175" count="10" type="cond" truecount="0" falsecount="1"/>
        <line num="176" count="10" type="cond" truecount="0" falsecount="1"/>
        <line num="177" count="10" type="stmt"/>
        <line num="180" count="35" type="cond" truecount="3" falsecount="0"/>
        <line num="181" count="11" type="stmt"/>
        <line num="184" count="24" type="cond" truecount="3" falsecount="0"/>
        <line num="185" count="1" type="stmt"/>
        <line num="193" count="23" type="cond" truecount="1" falsecount="0"/>
        <line num="194" count="11" type="stmt"/>
        <line num="197" count="12" type="stmt"/>
        <line num="224" count="0" type="stmt"/>
        <line num="239" count="0" type="stmt"/>
        <line num="254" count="0" type="stmt"/>
        <line num="269" count="0" type="stmt"/>
        <line num="275" count="0" type="stmt"/>
        <line num="317" count="0" type="stmt"/>
      </file>
    </package>
    <package name="hooks">
      <metrics statements="9" coveredstatements="9" conditionals="0" coveredconditionals="0" methods="4" coveredmethods="4"/>
      <file name="useDebounce.ts" path="C:\Users\v-tianji\Desktop\ghcpd\Claude-haiku-4.5\src\hooks\useDebounce.ts">
        <metrics statements="9" coveredstatements="9" conditionals="0" coveredconditionals="0" methods="4" coveredmethods="4"/>
        <line num="1" count="1" type="stmt"/>
        <line num="3" count="1" type="stmt"/>
        <line num="4" count="32" type="stmt"/>
        <line num="6" count="32" type="stmt"/>
        <line num="7" count="23" type="stmt"/>
        <line num="8" count="9" type="stmt"/>
        <line num="11" count="23" type="stmt"/>
        <line num="12" count="23" type="stmt"/>
        <line num="16" count="32" type="stmt"/>
      </file>
    </package>
    <package name="services">
      <metrics statements="13" coveredstatements="13" conditionals="0" coveredconditionals="0" methods="4" coveredmethods="4"/>
      <file name="api.ts" path="C:\Users\v-tianji\Desktop\ghcpd\Claude-haiku-4.5\src\services\api.ts">
        <metrics statements="13" coveredstatements="13" conditionals="0" coveredconditionals="0" methods="4" coveredmethods="4"/>
        <line num="1" count="2" type="stmt"/>
        <line num="3" count="2" type="stmt"/>
        <line num="18" count="2" type="stmt"/>
        <line num="19" count="7" type="stmt"/>
        <line num="20" count="6" type="stmt"/>
        <line num="23" count="2" type="stmt"/>
        <line num="27" count="5" type="stmt"/>
        <line num="28" count="4" type="stmt"/>
        <line num="31" count="2" type="stmt"/>
        <line num="32" count="5" type="stmt"/>
        <line num="35" count="2" type="stmt"/>
        <line num="40" count="9" type="stmt"/>
        <line num="41" count="8" type="stmt"/>
      </file>
    </package>
    <package name="utils">
      <metrics statements="144" coveredstatements="143" conditionals="47" coveredconditionals="43" methods="32" coveredmethods="32"/>
      <file name="helpers.ts" path="C:\Users\v-tianji\Desktop\ghcpd\Claude-haiku-4.5\src\utils\helpers.ts">
        <metrics statements="72" coveredstatements="71" conditionals="22" coveredconditionals="20" methods="19" coveredmethods="19"/>
        <line num="1" count="1" type="stmt"/>
        <line num="7" count="3" type="stmt"/>
        <line num="8" count="6" type="stmt"/>
        <line num="9" count="6" type="stmt"/>
        <line num="13" count="1" type="stmt"/>
        <line num="19" count="3" type="stmt"/>
        <line num="20" count="7" type="cond" truecount="1" falsecount="0"/>
        <line num="21" count="5" type="stmt"/>
        <line num="22" count="5" type="stmt"/>
        <line num="23" count="5" type="stmt"/>
        <line num="28" count="1" type="stmt"/>
        <line num="29" count="32" type="cond" truecount="3" falsecount="0"/>
        <line num="30" count="20" type="stmt"/>
        <line num="33" count="12" type="cond" truecount="1" falsecount="0"/>
        <line num="34" count="2" type="stmt"/>
        <line num="37" count="10" type="cond" truecount="1" falsecount="0"/>
        <line num="38" count="5" type="stmt"/>
        <line num="39" count="5" type="stmt"/>
        <line num="40" count="13" type="stmt"/>
        <line num="42" count="5" type="stmt"/>
        <line num="45" count="5" type="cond" truecount="1" falsecount="0"/>
        <line num="46" count="5" type="stmt"/>
        <line num="47" count="5" type="stmt"/>
        <line num="48" count="10" type="cond" truecount="1" falsecount="0"/>
        <line num="49" count="9" type="stmt"/>
        <line num="52" count="5" type="stmt"/>
        <line num="55" count="0" type="stmt"/>
        <line num="58" count="1" type="stmt"/>
        <line num="59" count="4" type="stmt"/>
        <line num="60" count="8" type="stmt"/>
        <line num="61" count="8" type="cond" truecount="1" falsecount="0"/>
        <line num="62" count="5" type="stmt"/>
        <line num="64" count="8" type="stmt"/>
        <line num="65" count="8" type="stmt"/>
        <line num="69" count="1" type="stmt"/>
        <line num="70" count="5" type="stmt"/>
        <line num="71" count="5" type="stmt"/>
        <line num="72" count="9" type="stmt"/>
        <line num="74" count="5" type="stmt"/>
        <line num="77" count="1" type="stmt"/>
        <line num="78" count="5" type="cond" truecount="1" falsecount="0"/>
        <line num="79" count="3" type="stmt"/>
        <line num="82" count="2" type="stmt"/>
        <line num="83" count="2" type="stmt"/>
        <line num="84" count="6" type="stmt"/>
        <line num="85" count="6" type="cond" truecount="1" falsecount="0"/>
        <line num="86" count="2" type="stmt"/>
        <line num="88" count="4" type="stmt"/>
        <line num="89" count="4" type="stmt"/>
        <line num="93" count="1" type="cond" truecount="1" falsecount="0"/>
        <line num="94" count="6" type="stmt"/>
        <line num="95" count="19" type="stmt"/>
        <line num="96" count="19" type="stmt"/>
        <line num="98" count="19" type="cond" truecount="3" falsecount="0"/>
        <line num="99" count="10" type="cond" truecount="3" falsecount="0"/>
        <line num="100" count="1" type="stmt"/>
        <line num="104" count="1" type="cond" truecount="1" falsecount="0"/>
        <line num="105" count="8" type="stmt"/>
        <line num="106" count="8" type="stmt"/>
        <line num="107" count="8" type="stmt"/>
        <line num="108" count="1143" type="stmt"/>
        <line num="110" count="8" type="stmt"/>
        <line num="113" count="1" type="stmt"/>
        <line num="114" count="5" type="stmt"/>
        <line num="117" count="1" type="stmt"/>
        <line num="124" count="3" type="stmt"/>
        <line num="125" count="5" type="stmt"/>
        <line num="126" count="5" type="stmt"/>
        <line num="128" count="3" type="stmt"/>
        <line num="129" count="3" type="cond" truecount="1" falsecount="0"/>
        <line num="130" count="2" type="stmt"/>
        <line num="135" count="1" type="stmt"/>
      </file>
      <file name="pricing.ts" path="C:\Users\v-tianji\Desktop\ghcpd\Claude-haiku-4.5\src\utils\pricing.ts">
        <metrics statements="34" coveredstatements="34" conditionals="15" coveredconditionals="14" methods="6" coveredmethods="6"/>
        <line num="3" count="2" type="cond" truecount="1" falsecount="0"/>
        <line num="4" count="9" type="stmt"/>
        <line num="10" count="2" type="stmt"/>
        <line num="11" count="35" type="stmt"/>
        <line num="14" count="2" type="stmt"/>
        <line num="15" count="14" type="stmt"/>
        <line num="42" count="14" type="stmt"/>
        <line num="44" count="14" type="cond" truecount="1" falsecount="0"/>
        <line num="46" count="13" type="cond" truecount="3" falsecount="0"/>
        <line num="47" count="2" type="stmt"/>
        <line num="50" count="11" type="stmt"/>
        <line num="53" count="2" type="stmt"/>
        <line num="58" count="11" type="stmt"/>
        <line num="59" count="11" type="stmt"/>
        <line num="60" count="11" type="stmt"/>
        <line num="61" count="11" type="stmt"/>
        <line num="63" count="11" type="stmt"/>
        <line num="65" count="11" type="cond" truecount="1" falsecount="0"/>
        <line num="66" count="2" type="stmt"/>
        <line num="69" count="11" type="stmt"/>
        <line num="72" count="2" type="stmt"/>
        <line num="73" count="14" type="cond" truecount="2" falsecount="0"/>
        <line num="74" count="4" type="stmt"/>
        <line num="75" count="10" type="cond" truecount="2" falsecount="0"/>
        <line num="76" count="4" type="stmt"/>
        <line num="77" count="6" type="cond" truecount="1" falsecount="0"/>
        <line num="78" count="3" type="stmt"/>
        <line num="80" count="3" type="stmt"/>
        <line num="83" count="2" type="stmt"/>
        <line num="88" count="13" type="cond" truecount="3" falsecount="0"/>
        <line num="89" count="2" type="stmt"/>
        <line num="92" count="11" type="stmt"/>
        <line num="93" count="11" type="stmt"/>
        <line num="96" count="11" type="stmt"/>
      </file>
      <file name="validation.ts" path="C:\Users\v-tianji\Desktop\ghcpd\Claude-haiku-4.5\src\utils\validation.ts">
        <metrics statements="38" coveredstatements="38" conditionals="10" coveredconditionals="9" methods="7" coveredmethods="7"/>
        <line num="1" count="2" type="stmt"/>
        <line num="2" count="13" type="stmt"/>
        <line num="3" count="13" type="stmt"/>
        <line num="6" count="2" type="stmt"/>
        <line num="7" count="10" type="stmt"/>
        <line num="8" count="10" type="stmt"/>
        <line num="11" count="2" type="stmt"/>
        <line num="12" count="15" type="cond" truecount="1" falsecount="0"/>
        <line num="13" count="14" type="cond" truecount="1" falsecount="0"/>
        <line num="14" count="12" type="cond" truecount="1" falsecount="0"/>
        <line num="15" count="10" type="cond" truecount="1" falsecount="0"/>
        <line num="16" count="8" type="stmt"/>
        <line num="19" count="2" type="stmt"/>
        <line num="20" count="11" type="stmt"/>
        <line num="21" count="11" type="stmt"/>
        <line num="22" count="7" type="stmt"/>
        <line num="24" count="4" type="stmt"/>
        <line num="28" count="2" type="stmt"/>
        <line num="29" count="11" type="stmt"/>
        <line num="31" count="11" type="cond" truecount="1" falsecount="0"/>
        <line num="32" count="3" type="stmt"/>
        <line num="35" count="8" type="stmt"/>
        <line num="36" count="8" type="stmt"/>
        <line num="38" count="8" type="stmt"/>
        <line num="39" count="128" type="stmt"/>
        <line num="41" count="128" type="cond" truecount="1" falsecount="0"/>
        <line num="42" count="64" type="stmt"/>
        <line num="43" count="64" type="cond" truecount="1" falsecount="0"/>
        <line num="44" count="25" type="stmt"/>
        <line num="48" count="128" type="stmt"/>
        <line num="49" count="128" type="stmt"/>
        <line num="52" count="8" type="stmt"/>
        <line num="55" count="2" type="stmt"/>
        <line num="56" count="9" type="stmt"/>
        <line num="61" count="2" type="cond" truecount="0" falsecount="1"/>
        <line num="62" count="16" type="stmt"/>
        <line num="68" count="16" type="stmt"/>
        <line num="69" count="16" type="cond" truecount="2" falsecount="0"/>
      </file>
    </package>
  </project>
</coverage>
