TN:
SF:src\components\ShoppingCart.tsx
FN:12,(anonymous_0)
FN:23,(anonymous_1)
FN:24,(anonymous_2)
FN:25,(anonymous_3)
FN:28,(anonymous_4)
FN:44,(anonymous_5)
FN:45,(anonymous_6)
FN:45,(anonymous_7)
FN:48,(anonymous_8)
FN:54,(anonymous_9)
FN:55,(anonymous_10)
FN:61,(anonymous_11)
FN:67,(anonymous_12)
FN:68,(anonymous_13)
FN:71,(anonymous_14)
FN:84,(anonymous_15)
FN:93,(anonymous_16)
FN:97,(anonymous_17)
FN:101,(anonymous_18)
FN:105,(anonymous_19)
FN:120,(anonymous_20)
FN:121,(anonymous_21)
FN:129,(anonymous_22)
FN:132,(anonymous_23)
FN:147,(anonymous_24)
FN:156,(anonymous_25)
FN:163,(anonymous_26)
FN:169,(anonymous_27)
FN:189,(anonymous_28)
FN:201,(anonymous_29)
FNF:30
FNH:27
FNDA:48,(anonymous_0)
FNDA:8,(anonymous_1)
FNDA:8,(anonymous_2)
FNDA:0,(anonymous_3)
FNDA:0,(anonymous_4)
FNDA:2,(anonymous_5)
FNDA:2,(anonymous_6)
FNDA:2,(anonymous_7)
FNDA:3,(anonymous_8)
FNDA:2,(anonymous_9)
FNDA:2,(anonymous_10)
FNDA:1,(anonymous_11)
FNDA:25,(anonymous_12)
FNDA:10,(anonymous_13)
FNDA:3,(anonymous_14)
FNDA:26,(anonymous_15)
FNDA:26,(anonymous_16)
FNDA:26,(anonymous_17)
FNDA:26,(anonymous_18)
FNDA:2,(anonymous_19)
FNDA:48,(anonymous_20)
FNDA:33,(anonymous_21)
FNDA:144,(anonymous_22)
FNDA:8,(anonymous_23)
FNDA:33,(anonymous_24)
FNDA:2,(anonymous_25)
FNDA:1,(anonymous_26)
FNDA:1,(anonymous_27)
FNDA:19,(anonymous_28)
FNDA:0,(anonymous_29)
DA:1,1
DA:3,1
DA:12,1
DA:18,48
DA:19,48
DA:20,48
DA:21,48
DA:23,48
DA:24,8
DA:25,8
DA:27,8
DA:28,0
DA:29,0
DA:35,8
DA:44,48
DA:45,2
DA:48,48
DA:49,3
DA:50,1
DA:51,1
DA:54,2
DA:55,2
DA:56,2
DA:61,48
DA:62,1
DA:63,1
DA:64,1
DA:67,48
DA:68,25
DA:71,48
DA:72,3
DA:74,3
DA:76,3
DA:77,2
DA:79,1
DA:80,1
DA:84,48
DA:85,26
DA:87,2
DA:88,2
DA:90,0
DA:93,48
DA:94,26
DA:97,48
DA:98,26
DA:101,48
DA:102,26
DA:105,48
DA:106,2
DA:107,0
DA:108,0
DA:111,2
DA:112,1
DA:113,1
DA:116,1
DA:117,1
DA:120,48
DA:121,48
DA:124,48
DA:130,144
DA:132,8
DA:148,33
DA:156,2
DA:163,1
DA:169,1
DA:189,19
DA:202,0
DA:203,0
LF:68
LH:61
BRDA:15,0,0,39
BRDA:16,1,0,48
BRDA:23,2,0,8
BRDA:27,3,0,0
BRDA:29,4,0,0
BRDA:29,4,1,0
BRDA:49,5,0,1
BRDA:56,6,0,2
BRDA:56,6,1,0
BRDA:72,7,0,0
BRDA:76,8,0,2
BRDA:76,8,1,1
BRDA:85,9,0,24
BRDA:87,10,0,2
BRDA:106,11,0,0
BRDA:111,12,0,1
BRDA:140,13,0,15
BRDA:140,13,1,33
BRDA:195,14,0,33
BRDA:195,14,1,31
BRDA:200,15,0,33
BRDA:200,15,1,2
BRDA:216,16,0,33
BRDA:216,16,1,2
BRDA:245,17,0,48
BRDA:245,17,1,1
BRF:26
BRH:20
end_of_record
TN:
SF:src\components\UserProfile.tsx
FN:26,(anonymous_0)
FN:41,(anonymous_1)
FN:45,(anonymous_2)
FN:51,(anonymous_3)
FN:65,(anonymous_4)
FN:67,(anonymous_5)
FN:69,(anonymous_6)
FN:76,(anonymous_7)
FN:95,(anonymous_8)
FN:96,(anonymous_9)
FN:99,(anonymous_10)
FN:103,(anonymous_11)
FN:106,(anonymous_12)
FN:110,(anonymous_13)
FN:113,(anonymous_14)
FN:135,(anonymous_15)
FN:141,(anonymous_16)
FN:154,(anonymous_17)
FN:167,(anonymous_18)
FN:224,(anonymous_19)
FN:239,(anonymous_20)
FN:254,(anonymous_21)
FN:268,(anonymous_22)
FN:275,(anonymous_23)
FN:317,(anonymous_24)
FNF:25
FNH:20
FNDA:69,(anonymous_0)
FNDA:16,(anonymous_1)
FNDA:15,(anonymous_2)
FNDA:16,(anonymous_3)
FNDA:2,(anonymous_4)
FNDA:2,(anonymous_5)
FNDA:0,(anonymous_6)
FNDA:2,(anonymous_7)
FNDA:4,(anonymous_8)
FNDA:4,(anonymous_9)
FNDA:0,(anonymous_10)
FNDA:0,(anonymous_11)
FNDA:1,(anonymous_12)
FNDA:1,(anonymous_13)
FNDA:2,(anonymous_14)
FNDA:1,(anonymous_15)
FNDA:42,(anonymous_16)
FNDA:42,(anonymous_17)
FNDA:42,(anonymous_18)
FNDA:2,(anonymous_19)
FNDA:2,(anonymous_20)
FNDA:0,(anonymous_21)
FNDA:60,(anonymous_22)
FNDA:0,(anonymous_23)
FNDA:8,(anonymous_24)
DA:1,1
DA:2,1
DA:3,1
DA:4,1
DA:26,1
DA:32,69
DA:33,69
DA:34,69
DA:35,69
DA:36,69
DA:37,69
DA:39,69
DA:41,69
DA:42,16
DA:45,69
DA:46,15
DA:47,2
DA:51,69
DA:52,16
DA:53,16
DA:54,16
DA:55,16
DA:56,14
DA:57,14
DA:59,1
DA:61,15
DA:65,69
DA:66,2
DA:67,2
DA:69,0
DA:70,0
DA:71,0
DA:76,69
DA:77,2
DA:79,2
DA:80,0
DA:83,2
DA:84,0
DA:87,2
DA:88,0
DA:91,2
DA:92,2
DA:95,69
DA:96,4
DA:99,69
DA:100,0
DA:101,0
DA:103,0
DA:106,69
DA:107,1
DA:109,1
DA:110,1
DA:113,69
DA:114,2
DA:116,2
DA:117,0
DA:120,2
DA:121,2
DA:123,2
DA:124,2
DA:125,1
DA:126,1
DA:127,1
DA:129,1
DA:131,2
DA:135,69
DA:136,1
DA:137,1
DA:138,1
DA:141,69
DA:142,42
DA:144,2
DA:146,40
DA:148,0
DA:150,0
DA:154,69
DA:155,42
DA:157,42
DA:159,0
DA:161,0
DA:163,0
DA:167,69
DA:168,42
DA:169,41
DA:170,41
DA:171,41
DA:172,41
DA:174,41
DA:175,38
DA:176,35
DA:177,32
DA:180,69
DA:181,13
DA:184,56
DA:185,1
DA:193,55
DA:194,13
DA:197,42
DA:224,2
DA:239,2
DA:254,0
DA:269,60
DA:275,0
DA:317,8
LF:104
LH:87
BRDA:29,0,0,66
BRDA:30,1,0,69
BRDA:39,2,0,69
BRDA:39,2,1,27
BRDA:46,3,0,2
BRDA:46,4,0,15
BRDA:46,4,1,2
BRDA:59,5,0,1
BRDA:59,5,1,0
BRDA:66,6,0,2
BRDA:66,6,1,0
BRDA:79,7,0,0
BRDA:79,8,0,2
BRDA:79,8,1,2
BRDA:83,9,0,0
BRDA:83,10,0,2
BRDA:83,10,1,2
BRDA:87,11,0,0
BRDA:87,12,0,2
BRDA:87,12,1,2
BRDA:100,13,0,0
BRDA:100,14,0,0
BRDA:100,14,1,0
BRDA:107,15,0,0
BRDA:109,16,0,1
BRDA:109,16,1,0
BRDA:116,17,0,0
BRDA:129,18,0,1
BRDA:129,18,1,0
BRDA:136,19,0,1
BRDA:136,19,1,0
BRDA:142,20,0,2
BRDA:142,20,1,40
BRDA:142,20,2,0
BRDA:142,20,3,0
BRDA:155,21,0,42
BRDA:155,21,1,0
BRDA:155,21,2,0
BRDA:155,21,3,0
BRDA:168,22,0,1
BRDA:174,23,0,3
BRDA:175,24,0,3
BRDA:176,25,0,3
BRDA:180,26,0,13
BRDA:180,27,0,69
BRDA:180,27,1,18
BRDA:184,28,0,1
BRDA:184,29,0,56
BRDA:184,29,1,2
BRDA:193,30,0,13
BRDA:211,31,0,42
BRDA:211,31,1,1
BRDA:223,32,0,20
BRDA:223,32,1,22
BRDA:223,33,0,20
BRDA:223,33,1,0
BRDA:225,34,0,42
BRDA:225,34,1,20
BRDA:228,35,0,42
BRDA:228,35,1,0
BRDA:238,36,0,20
BRDA:238,36,1,22
BRDA:238,37,0,20
BRDA:238,37,1,0
BRDA:240,38,0,42
BRDA:240,38,1,20
BRDA:243,39,0,42
BRDA:243,39,1,2
BRDA:253,40,0,20
BRDA:253,40,1,22
BRDA:253,41,0,20
BRDA:253,41,1,0
BRDA:255,42,0,42
BRDA:255,42,1,20
BRDA:258,43,0,42
BRDA:258,43,1,0
BRDA:263,44,0,42
BRDA:263,44,1,20
BRDA:276,45,0,60
BRDA:276,45,1,57
BRDA:302,46,0,42
BRDA:302,46,1,41
BRDA:304,47,0,20
BRDA:304,47,1,21
BRDA:308,48,0,20
BRDA:308,48,1,18
BRDA:310,49,0,2
BRDA:310,49,1,18
BRF:88
BRH:65
end_of_record
TN:
SF:src\hooks\useDebounce.ts
FN:3,(anonymous_0)
FN:6,(anonymous_1)
FN:7,(anonymous_2)
FN:11,(anonymous_3)
FNF:4
FNH:4
FNDA:75,(anonymous_0)
FNDA:31,(anonymous_1)
FNDA:3,(anonymous_2)
FNDA:31,(anonymous_3)
DA:1,2
DA:3,2
DA:4,75
DA:6,75
DA:7,31
DA:8,3
DA:11,31
DA:12,31
DA:16,75
LF:9
LH:9
BRF:0
BRH:0
end_of_record
TN:
SF:src\services\api.ts
FN:18,(anonymous_1)
FN:23,(anonymous_2)
FN:31,(anonymous_3)
FN:35,(anonymous_4)
FNF:4
FNH:4
FNDA:1,(anonymous_1)
FNDA:1,(anonymous_2)
FNDA:1,(anonymous_3)
FNDA:2,(anonymous_4)
DA:1,2
DA:3,2
DA:18,2
DA:19,1
DA:20,1
DA:23,2
DA:27,1
DA:28,1
DA:31,2
DA:32,1
DA:35,2
DA:40,2
DA:41,2
LF:13
LH:13
BRF:0
BRH:0
end_of_record
TN:
SF:src\utils\helpers.ts
FN:1,(anonymous_0)
FN:7,(anonymous_1)
FN:9,(anonymous_2)
FN:13,(anonymous_3)
FN:19,(anonymous_4)
FN:23,(anonymous_5)
FN:28,(anonymous_6)
FN:39,(anonymous_7)
FN:58,(anonymous_8)
FN:59,(anonymous_9)
FN:69,(anonymous_10)
FN:77,(anonymous_11)
FN:83,(anonymous_12)
FN:93,(anonymous_13)
FN:94,(anonymous_14)
FN:104,(anonymous_15)
FN:113,(anonymous_16)
FN:114,(anonymous_17)
FN:117,(anonymous_18)
FNF:19
FNH:19
FNDA:1,(anonymous_0)
FNDA:2,(anonymous_1)
FNDA:1,(anonymous_2)
FNDA:1,(anonymous_3)
FNDA:3,(anonymous_4)
FNDA:2,(anonymous_5)
FNDA:12,(anonymous_6)
FNDA:3,(anonymous_7)
FNDA:1,(anonymous_8)
FNDA:3,(anonymous_9)
FNDA:1,(anonymous_10)
FNDA:2,(anonymous_11)
FNDA:3,(anonymous_12)
FNDA:2,(anonymous_13)
FNDA:8,(anonymous_14)
FNDA:1,(anonymous_15)
FNDA:3,(anonymous_16)
FNDA:3,(anonymous_17)
FNDA:3,(anonymous_18)
DA:1,1
DA:7,1
DA:8,2
DA:9,2
DA:13,1
DA:19,1
DA:20,3
DA:21,2
DA:22,2
DA:23,2
DA:28,1
DA:29,12
DA:30,8
DA:33,4
DA:34,1
DA:37,3
DA:38,1
DA:39,1
DA:40,3
DA:42,1
DA:45,2
DA:46,2
DA:47,2
DA:48,3
DA:49,3
DA:52,2
DA:55,0
DA:58,1
DA:59,1
DA:60,3
DA:61,3
DA:62,2
DA:64,3
DA:65,3
DA:69,1
DA:70,1
DA:71,1
DA:72,3
DA:74,1
DA:77,1
DA:78,2
DA:79,1
DA:82,1
DA:83,1
DA:84,3
DA:85,3
DA:86,1
DA:88,2
DA:89,2
DA:93,1
DA:94,2
DA:95,8
DA:96,8
DA:98,8
DA:99,4
DA:100,0
DA:104,1
DA:105,1
DA:106,1
DA:107,1
DA:108,10
DA:110,1
DA:113,1
DA:114,3
DA:117,1
DA:124,3
DA:125,5
DA:126,5
DA:128,3
DA:129,3
DA:130,2
DA:135,1
LF:72
LH:70
BRDA:20,0,0,2
BRDA:29,1,0,8
BRDA:29,2,0,12
BRDA:29,2,1,12
BRDA:33,3,0,1
BRDA:37,4,0,1
BRDA:45,5,0,2
BRDA:48,6,0,3
BRDA:61,7,0,2
BRDA:78,8,0,1
BRDA:85,9,0,1
BRDA:93,10,0,0
BRDA:98,11,0,4
BRDA:98,12,0,2
BRDA:98,12,1,2
BRDA:99,13,0,4
BRDA:99,14,0,2
BRDA:99,14,1,2
BRDA:104,15,0,0
BRDA:119,16,0,0
BRDA:120,17,0,0
BRDA:129,18,0,2
BRF:22
BRH:18
end_of_record
TN:
SF:src\utils\pricing.ts
FN:3,(anonymous_0)
FN:10,(anonymous_1)
FN:14,(anonymous_2)
FN:53,(anonymous_3)
FN:72,(anonymous_4)
FN:83,(anonymous_5)
FNF:6
FNH:6
FNDA:171,(anonymous_0)
FNDA:29,(anonymous_1)
FNDA:9,(anonymous_2)
FNDA:3,(anonymous_3)
FNDA:4,(anonymous_4)
FNDA:2,(anonymous_5)
DA:3,2
DA:4,171
DA:10,2
DA:11,29
DA:14,2
DA:15,9
DA:42,9
DA:44,9
DA:46,7
DA:47,2
DA:50,5
DA:53,2
DA:58,3
DA:59,3
DA:60,3
DA:61,3
DA:63,3
DA:65,3
DA:66,1
DA:69,3
DA:72,2
DA:73,4
DA:74,1
DA:75,3
DA:76,1
DA:77,2
DA:78,1
DA:80,1
DA:83,2
DA:88,2
DA:89,1
DA:92,1
DA:93,1
DA:96,1
LF:34
LH:34
BRDA:3,0,0,1
BRDA:44,1,0,2
BRDA:46,2,0,2
BRDA:46,3,0,7
BRDA:46,3,1,4
BRDA:56,4,0,0
BRDA:65,5,0,1
BRDA:73,6,0,1
BRDA:73,6,1,3
BRDA:75,7,0,1
BRDA:75,7,1,2
BRDA:77,8,0,1
BRDA:88,9,0,1
BRDA:88,10,0,2
BRDA:88,10,1,2
BRF:15
BRH:14
end_of_record
TN:
SF:src\utils\validation.ts
FN:1,(anonymous_0)
FN:6,(anonymous_1)
FN:11,(anonymous_2)
FN:19,(anonymous_3)
FN:28,(anonymous_4)
FN:55,(anonymous_5)
FN:61,(anonymous_6)
FNF:7
FNH:7
FNDA:12,(anonymous_0)
FNDA:7,(anonymous_1)
FNDA:6,(anonymous_2)
FNDA:3,(anonymous_3)
FNDA:4,(anonymous_4)
FNDA:1,(anonymous_5)
FNDA:8,(anonymous_6)
DA:1,2
DA:2,12
DA:3,12
DA:6,2
DA:7,7
DA:8,7
DA:11,2
DA:12,6
DA:13,5
DA:14,4
DA:15,3
DA:16,2
DA:19,2
DA:20,3
DA:21,3
DA:22,2
DA:24,1
DA:28,2
DA:29,4
DA:31,4
DA:32,0
DA:35,4
DA:36,4
DA:38,4
DA:39,64
DA:41,64
DA:42,32
DA:43,32
DA:44,13
DA:48,64
DA:49,64
DA:52,4
DA:55,2
DA:56,1
DA:61,2
DA:62,8
DA:68,8
DA:69,8
LF:38
LH:37
BRDA:12,0,0,1
BRDA:13,1,0,1
BRDA:14,2,0,1
BRDA:15,3,0,1
BRDA:31,4,0,0
BRDA:41,5,0,32
BRDA:43,6,0,13
BRDA:61,7,0,0
BRDA:69,8,0,7
BRDA:69,8,1,1
BRF:10
BRH:8
end_of_record
