TN:
SF:src\components\ShoppingCart.tsx
FN:12,(anonymous_0)
FN:23,(anonymous_1)
FN:24,(anonymous_2)
FN:25,(anonymous_3)
FN:28,(anonymous_4)
FN:44,(anonymous_5)
FN:45,(anonymous_6)
FN:45,(anonymous_7)
FN:48,(anonymous_8)
FN:54,(anonymous_9)
FN:55,(anonymous_10)
FN:61,(anonymous_11)
FN:67,(anonymous_12)
FN:80,(anonymous_13)
FN:81,(anonymous_14)
FN:84,(anonymous_15)
FN:93,(anonymous_16)
FN:97,(anonymous_17)
FN:101,(anonymous_18)
FN:105,(anonymous_19)
FN:120,(anonymous_20)
FN:121,(anonymous_21)
FN:129,(anonymous_22)
FN:133,(anonymous_23)
FN:149,(anonymous_24)
FN:158,(anonymous_25)
FN:165,(anonymous_26)
FN:171,(anonymous_27)
FN:191,(anonymous_28)
FN:201,(anonymous_29)
FNF:30
FNH:28
FNDA:26,(anonymous_0)
FNDA:7,(anonymous_1)
FNDA:7,(anonymous_2)
FNDA:2,(anonymous_3)
FNDA:1,(anonymous_4)
FNDA:1,(anonymous_5)
FNDA:1,(anonymous_6)
FNDA:1,(anonymous_7)
FNDA:3,(anonymous_8)
FNDA:2,(anonymous_9)
FNDA:2,(anonymous_10)
FNDA:0,(anonymous_11)
FNDA:2,(anonymous_12)
FNDA:19,(anonymous_13)
FNDA:10,(anonymous_14)
FNDA:20,(anonymous_15)
FNDA:20,(anonymous_16)
FNDA:20,(anonymous_17)
FNDA:20,(anonymous_18)
FNDA:2,(anonymous_19)
FNDA:26,(anonymous_20)
FNDA:17,(anonymous_21)
FNDA:56,(anonymous_22)
FNDA:7,(anonymous_23)
FNDA:17,(anonymous_24)
FNDA:2,(anonymous_25)
FNDA:1,(anonymous_26)
FNDA:0,(anonymous_27)
FNDA:2,(anonymous_28)
FNDA:1,(anonymous_29)
DA:1,1
DA:3,1
DA:12,1
DA:18,26
DA:19,26
DA:20,26
DA:21,26
DA:23,26
DA:24,7
DA:25,7
DA:27,7
DA:28,1
DA:29,1
DA:35,6
DA:44,26
DA:45,1
DA:48,26
DA:49,3
DA:50,1
DA:51,1
DA:54,2
DA:55,2
DA:56,2
DA:61,26
DA:62,0
DA:63,0
DA:64,0
DA:67,26
DA:68,2
DA:70,2
DA:72,2
DA:73,1
DA:75,1
DA:76,1
DA:80,26
DA:81,19
DA:84,26
DA:85,20
DA:87,1
DA:88,1
DA:90,0
DA:93,26
DA:94,20
DA:97,26
DA:98,20
DA:101,26
DA:102,20
DA:105,26
DA:106,2
DA:107,0
DA:108,0
DA:111,2
DA:112,1
DA:113,1
DA:116,1
DA:117,1
DA:120,26
DA:121,26
DA:124,26
DA:130,56
DA:133,7
DA:150,17
DA:158,2
DA:165,1
DA:171,0
DA:191,2
DA:202,1
DA:203,1
LF:68
LH:61
BRDA:15,0,0,26
BRDA:16,1,0,26
BRDA:23,2,0,7
BRDA:27,3,0,1
BRDA:29,4,0,1
BRDA:29,4,1,0
BRDA:49,5,0,1
BRDA:56,6,0,2
BRDA:56,6,1,0
BRDA:68,7,0,0
BRDA:72,8,0,1
BRDA:72,8,1,1
BRDA:85,9,0,19
BRDA:87,10,0,1
BRDA:106,11,0,0
BRDA:111,12,0,1
BRDA:127,13,0,26
BRDA:127,13,1,26
BRDA:127,13,2,26
BRDA:142,14,0,11
BRDA:142,14,1,15
BRDA:196,15,0,15
BRDA:196,15,1,14
BRDA:200,16,0,15
BRDA:200,16,1,1
BRDA:216,17,0,15
BRDA:216,17,1,1
BRDA:245,18,0,26
BRDA:245,18,1,1
BRF:29
BRH:25
end_of_record
TN:
SF:src\components\UserProfile.tsx
FN:26,(anonymous_0)
FN:41,(anonymous_1)
FN:45,(anonymous_2)
FN:51,(anonymous_3)
FN:65,(anonymous_4)
FN:67,(anonymous_5)
FN:69,(anonymous_6)
FN:76,(anonymous_7)
FN:95,(anonymous_8)
FN:96,(anonymous_9)
FN:99,(anonymous_10)
FN:103,(anonymous_11)
FN:106,(anonymous_12)
FN:110,(anonymous_13)
FN:113,(anonymous_14)
FN:135,(anonymous_15)
FN:141,(anonymous_16)
FN:154,(anonymous_17)
FN:167,(anonymous_18)
FN:224,(anonymous_19)
FN:239,(anonymous_20)
FN:254,(anonymous_21)
FN:268,(anonymous_22)
FN:275,(anonymous_23)
FN:317,(anonymous_24)
FNF:25
FNH:17
FNDA:29,(anonymous_0)
FNDA:7,(anonymous_1)
FNDA:8,(anonymous_2)
FNDA:7,(anonymous_3)
FNDA:1,(anonymous_4)
FNDA:1,(anonymous_5)
FNDA:0,(anonymous_6)
FNDA:1,(anonymous_7)
FNDA:2,(anonymous_8)
FNDA:2,(anonymous_9)
FNDA:0,(anonymous_10)
FNDA:0,(anonymous_11)
FNDA:0,(anonymous_12)
FNDA:0,(anonymous_13)
FNDA:1,(anonymous_14)
FNDA:0,(anonymous_15)
FNDA:14,(anonymous_16)
FNDA:14,(anonymous_17)
FNDA:14,(anonymous_18)
FNDA:1,(anonymous_19)
FNDA:1,(anonymous_20)
FNDA:0,(anonymous_21)
FNDA:24,(anonymous_22)
FNDA:0,(anonymous_23)
FNDA:3,(anonymous_24)
DA:1,1
DA:2,1
DA:3,1
DA:4,1
DA:26,1
DA:32,29
DA:33,29
DA:34,29
DA:35,29
DA:36,29
DA:37,29
DA:39,29
DA:41,29
DA:42,7
DA:45,29
DA:46,8
DA:47,1
DA:51,29
DA:52,7
DA:53,7
DA:54,7
DA:55,7
DA:56,5
DA:57,5
DA:59,1
DA:61,6
DA:65,29
DA:66,1
DA:67,1
DA:69,0
DA:70,0
DA:71,0
DA:76,29
DA:77,1
DA:79,1
DA:80,0
DA:83,1
DA:84,0
DA:87,1
DA:88,0
DA:91,1
DA:92,1
DA:95,29
DA:96,2
DA:99,29
DA:100,0
DA:101,0
DA:103,0
DA:106,29
DA:107,0
DA:109,0
DA:110,0
DA:113,29
DA:114,1
DA:116,1
DA:117,0
DA:120,1
DA:121,1
DA:123,1
DA:124,1
DA:125,1
DA:126,1
DA:127,1
DA:129,0
DA:131,1
DA:135,29
DA:136,0
DA:137,0
DA:138,0
DA:141,29
DA:142,14
DA:144,0
DA:146,14
DA:148,0
DA:150,0
DA:154,29
DA:155,14
DA:157,14
DA:159,0
DA:161,0
DA:163,0
DA:167,29
DA:168,14
DA:169,14
DA:170,14
DA:171,14
DA:172,14
DA:174,14
DA:175,14
DA:176,14
DA:177,14
DA:180,29
DA:181,7
DA:184,22
DA:185,1
DA:193,21
DA:194,7
DA:197,14
DA:224,1
DA:239,1
DA:254,0
DA:269,24
DA:275,0
DA:317,3
LF:104
LH:79
BRDA:29,0,0,26
BRDA:30,1,0,29
BRDA:39,2,0,29
BRDA:39,2,1,15
BRDA:46,3,0,1
BRDA:46,4,0,8
BRDA:46,4,1,1
BRDA:59,5,0,1
BRDA:59,5,1,0
BRDA:66,6,0,1
BRDA:66,6,1,0
BRDA:79,7,0,0
BRDA:79,8,0,1
BRDA:79,8,1,1
BRDA:83,9,0,0
BRDA:83,10,0,1
BRDA:83,10,1,1
BRDA:87,11,0,0
BRDA:87,12,0,1
BRDA:87,12,1,1
BRDA:100,13,0,0
BRDA:100,14,0,0
BRDA:100,14,1,0
BRDA:107,15,0,0
BRDA:109,16,0,0
BRDA:109,16,1,0
BRDA:116,17,0,0
BRDA:129,18,0,0
BRDA:129,18,1,0
BRDA:136,19,0,0
BRDA:136,19,1,0
BRDA:142,20,0,0
BRDA:142,20,1,14
BRDA:142,20,2,0
BRDA:142,20,3,0
BRDA:155,21,0,14
BRDA:155,21,1,0
BRDA:155,21,2,0
BRDA:155,21,3,0
BRDA:168,22,0,0
BRDA:174,23,0,0
BRDA:175,24,0,0
BRDA:176,25,0,0
BRDA:180,26,0,7
BRDA:180,27,0,29
BRDA:180,27,1,8
BRDA:184,28,0,1
BRDA:184,29,0,22
BRDA:184,29,1,1
BRDA:193,30,0,7
BRDA:211,31,0,14
BRDA:211,31,1,0
BRDA:223,32,0,8
BRDA:223,32,1,6
BRDA:223,33,0,8
BRDA:223,33,1,0
BRDA:225,34,0,14
BRDA:225,34,1,8
BRDA:228,35,0,14
BRDA:228,35,1,0
BRDA:238,36,0,8
BRDA:238,36,1,6
BRDA:238,37,0,8
BRDA:238,37,1,0
BRDA:240,38,0,14
BRDA:240,38,1,8
BRDA:243,39,0,14
BRDA:243,39,1,1
BRDA:253,40,0,8
BRDA:253,40,1,6
BRDA:253,41,0,8
BRDA:253,41,1,0
BRDA:255,42,0,14
BRDA:255,42,1,8
BRDA:258,43,0,14
BRDA:258,43,1,0
BRDA:263,44,0,14
BRDA:263,44,1,8
BRDA:276,45,0,24
BRDA:276,45,1,24
BRDA:302,46,0,14
BRDA:302,46,1,13
BRDA:304,47,0,8
BRDA:304,47,1,5
BRDA:308,48,0,8
BRDA:308,48,1,7
BRDA:310,49,0,1
BRDA:310,49,1,7
BRF:88
BRH:56
end_of_record
TN:
SF:src\hooks\useDebounce.ts
FN:3,(anonymous_0)
FN:6,(anonymous_1)
FN:7,(anonymous_2)
FN:11,(anonymous_3)
FNF:4
FNH:4
FNDA:33,(anonymous_0)
FNDA:16,(anonymous_1)
FNDA:2,(anonymous_2)
FNDA:16,(anonymous_3)
DA:1,2
DA:3,2
DA:4,33
DA:6,33
DA:7,16
DA:8,2
DA:11,16
DA:12,16
DA:16,33
LF:9
LH:9
BRF:0
BRH:0
end_of_record
TN:
SF:src\services\api.ts
FN:18,(anonymous_1)
FN:23,(anonymous_2)
FN:31,(anonymous_3)
FN:35,(anonymous_4)
FNF:4
FNH:4
FNDA:1,(anonymous_1)
FNDA:1,(anonymous_2)
FNDA:2,(anonymous_3)
FNDA:1,(anonymous_4)
DA:1,2
DA:3,2
DA:18,2
DA:19,1
DA:20,1
DA:23,2
DA:27,1
DA:28,1
DA:31,2
DA:32,2
DA:35,2
DA:40,1
DA:41,1
LF:13
LH:13
BRF:0
BRH:0
end_of_record
TN:
SF:src\utils\helpers.ts
FN:1,(anonymous_0)
FN:7,(anonymous_1)
FN:9,(anonymous_2)
FN:13,(anonymous_3)
FN:19,(anonymous_4)
FN:23,(anonymous_5)
FN:28,(anonymous_6)
FN:39,(anonymous_7)
FN:58,(anonymous_8)
FN:59,(anonymous_9)
FN:69,(anonymous_10)
FN:77,(anonymous_11)
FN:83,(anonymous_12)
FN:93,(anonymous_13)
FN:94,(anonymous_14)
FN:104,(anonymous_15)
FN:113,(anonymous_16)
FN:114,(anonymous_17)
FN:117,(anonymous_18)
FNF:19
FNH:18
FNDA:1,(anonymous_0)
FNDA:2,(anonymous_1)
FNDA:1,(anonymous_2)
FNDA:1,(anonymous_3)
FNDA:4,(anonymous_4)
FNDA:1,(anonymous_5)
FNDA:12,(anonymous_6)
FNDA:3,(anonymous_7)
FNDA:1,(anonymous_8)
FNDA:3,(anonymous_9)
FNDA:1,(anonymous_10)
FNDA:1,(anonymous_11)
FNDA:0,(anonymous_12)
FNDA:1,(anonymous_13)
FNDA:4,(anonymous_14)
FNDA:1,(anonymous_15)
FNDA:4,(anonymous_16)
FNDA:4,(anonymous_17)
FNDA:2,(anonymous_18)
DA:1,1
DA:7,1
DA:8,2
DA:9,2
DA:13,1
DA:19,1
DA:20,4
DA:21,2
DA:22,2
DA:23,2
DA:28,1
DA:29,12
DA:30,8
DA:33,4
DA:34,1
DA:37,3
DA:38,1
DA:39,1
DA:40,3
DA:42,1
DA:45,2
DA:46,2
DA:47,2
DA:48,3
DA:49,3
DA:52,2
DA:55,0
DA:58,1
DA:59,1
DA:60,3
DA:61,3
DA:62,2
DA:64,3
DA:65,3
DA:69,1
DA:70,1
DA:71,1
DA:72,3
DA:74,1
DA:77,1
DA:78,1
DA:79,1
DA:82,0
DA:83,0
DA:84,0
DA:85,0
DA:86,0
DA:88,0
DA:89,0
DA:93,1
DA:94,1
DA:95,4
DA:96,4
DA:98,4
DA:99,2
DA:100,0
DA:104,1
DA:105,1
DA:106,1
DA:107,1
DA:108,10
DA:110,1
DA:113,1
DA:114,4
DA:117,1
DA:124,2
DA:125,5
DA:126,5
DA:128,4
DA:129,4
DA:130,3
DA:135,1
LF:72
LH:63
BRDA:20,0,0,2
BRDA:29,1,0,8
BRDA:29,2,0,12
BRDA:29,2,1,12
BRDA:33,3,0,1
BRDA:37,4,0,1
BRDA:45,5,0,2
BRDA:48,6,0,3
BRDA:61,7,0,2
BRDA:78,8,0,1
BRDA:85,9,0,0
BRDA:93,10,0,0
BRDA:98,11,0,2
BRDA:98,12,0,2
BRDA:98,12,1,0
BRDA:99,13,0,2
BRDA:99,14,0,2
BRDA:99,14,1,0
BRDA:104,15,0,0
BRDA:119,16,0,0
BRDA:120,17,0,0
BRDA:129,18,0,3
BRF:22
BRH:15
end_of_record
TN:
SF:src\utils\pricing.ts
FN:3,(anonymous_0)
FN:10,(anonymous_1)
FN:14,(anonymous_2)
FN:53,(anonymous_3)
FN:72,(anonymous_4)
FN:83,(anonymous_5)
FNF:6
FNH:6
FNDA:140,(anonymous_0)
FNDA:23,(anonymous_1)
FNDA:8,(anonymous_2)
FNDA:3,(anonymous_3)
FNDA:3,(anonymous_4)
FNDA:3,(anonymous_5)
DA:3,2
DA:4,140
DA:10,2
DA:11,23
DA:14,2
DA:15,8
DA:42,8
DA:44,8
DA:46,6
DA:47,2
DA:50,4
DA:53,2
DA:58,3
DA:59,3
DA:60,3
DA:61,3
DA:63,3
DA:65,3
DA:66,1
DA:69,3
DA:72,2
DA:73,3
DA:74,1
DA:75,2
DA:76,1
DA:77,1
DA:78,0
DA:80,1
DA:83,2
DA:88,3
DA:89,1
DA:92,2
DA:94,1
DA:97,1
DA:98,1
DA:101,1
LF:36
LH:35
BRDA:3,0,0,1
BRDA:44,1,0,2
BRDA:46,2,0,2
BRDA:46,3,0,6
BRDA:46,3,1,4
BRDA:56,4,0,0
BRDA:65,5,0,1
BRDA:73,6,0,1
BRDA:73,6,1,2
BRDA:75,7,0,1
BRDA:75,7,1,1
BRDA:77,8,0,0
BRDA:88,9,0,1
BRDA:92,10,0,1
BRF:14
BRH:12
end_of_record
TN:
SF:src\utils\validation.ts
FN:1,(anonymous_0)
FN:6,(anonymous_1)
FN:11,(anonymous_2)
FN:19,(anonymous_3)
FN:28,(anonymous_4)
FN:55,(anonymous_5)
FN:61,(anonymous_6)
FNF:7
FNH:7
FNDA:10,(anonymous_0)
FNDA:6,(anonymous_1)
FNDA:6,(anonymous_2)
FNDA:3,(anonymous_3)
FNDA:4,(anonymous_4)
FNDA:2,(anonymous_5)
FNDA:5,(anonymous_6)
DA:1,2
DA:2,10
DA:3,10
DA:6,2
DA:7,6
DA:8,6
DA:11,2
DA:12,6
DA:13,5
DA:14,4
DA:15,3
DA:16,2
DA:19,2
DA:20,3
DA:21,3
DA:22,2
DA:24,1
DA:28,2
DA:29,4
DA:31,4
DA:32,0
DA:35,4
DA:36,4
DA:38,4
DA:39,64
DA:41,64
DA:42,32
DA:43,32
DA:44,13
DA:48,64
DA:49,64
DA:52,4
DA:55,2
DA:56,2
DA:61,2
DA:62,5
DA:68,5
DA:69,5
LF:38
LH:37
BRDA:12,0,0,1
BRDA:13,1,0,1
BRDA:14,2,0,1
BRDA:15,3,0,1
BRDA:31,4,0,0
BRDA:41,5,0,32
BRDA:43,6,0,13
BRDA:61,7,0,0
BRDA:69,8,0,5
BRDA:69,8,1,0
BRF:10
BRH:7
end_of_record
